Analysis & Synthesis report for Ordenador
Wed Nov 09 14:18:11 2016
Quartus Prime Version 16.0.0 Build 211 04/27/2016 SJ Lite Edition


---------------------
; Table of Contents ;
---------------------
  1. Legal Notice
  2. Analysis & Synthesis Summary
  3. Analysis & Synthesis Settings
  4. Parallel Compilation
  5. Analysis & Synthesis Source Files Read
  6. Analysis & Synthesis Resource Usage Summary
  7. Analysis & Synthesis Resource Utilization by Entity
  8. Analysis & Synthesis IP Cores Summary
  9. General Register Statistics
 10. Parameter Settings for User Entity Instance: Max2:inst4|Multiplexer:inst2|lpm_mux:LPM_MUX_component
 11. Parameter Settings for User Entity Instance: Max2:inst4|Multiplexer:inst3|lpm_mux:LPM_MUX_component
 12. Parameter Settings for User Entity Instance: Max2:inst|Multiplexer:inst2|lpm_mux:LPM_MUX_component
 13. Parameter Settings for User Entity Instance: Max2:inst|Multiplexer:inst3|lpm_mux:LPM_MUX_component
 14. Parameter Settings for User Entity Instance: Max2:inst2|Multiplexer:inst2|lpm_mux:LPM_MUX_component
 15. Parameter Settings for User Entity Instance: Max2:inst2|Multiplexer:inst3|lpm_mux:LPM_MUX_component
 16. Parameter Settings for User Entity Instance: Max2:inst5|Multiplexer:inst2|lpm_mux:LPM_MUX_component
 17. Parameter Settings for User Entity Instance: Max2:inst5|Multiplexer:inst3|lpm_mux:LPM_MUX_component
 18. Parameter Settings for User Entity Instance: Max2:inst3|Multiplexer:inst2|lpm_mux:LPM_MUX_component
 19. Parameter Settings for User Entity Instance: Max2:inst3|Multiplexer:inst3|lpm_mux:LPM_MUX_component
 20. Post-Synthesis Netlist Statistics for Top Partition
 21. Elapsed Time Per Partition
 22. Analysis & Synthesis Messages



----------------
; Legal Notice ;
----------------
Copyright (C) 1991-2016 Altera Corporation. All rights reserved.
Your use of Altera Corporation's design tools, logic functions 
and other software and tools, and its AMPP partner logic 
functions, and any output files from any of the foregoing 
(including device programming or simulation files), and any 
associated documentation or information are expressly subject 
to the terms and conditions of the Altera Program License 
Subscription Agreement, the Altera Quartus Prime License Agreement,
the Altera MegaCore Function License Agreement, or other 
applicable license agreement, including, without limitation, 
that your use is for the sole purpose of programming logic 
devices manufactured by Altera and sold by Altera or its 
authorized distributors.  Please refer to the applicable 
agreement for further details.



+----------------------------------------------------------------------------------+
; Analysis & Synthesis Summary                                                     ;
+------------------------------------+---------------------------------------------+
; Analysis & Synthesis Status        ; Successful - Wed Nov 09 14:18:11 2016       ;
; Quartus Prime Version              ; 16.0.0 Build 211 04/27/2016 SJ Lite Edition ;
; Revision Name                      ; Ordenador                                   ;
; Top-level Entity Name              ; Ordenador                                   ;
; Family                             ; Cyclone IV E                                ;
; Total logic elements               ; 123                                         ;
;     Total combinational functions  ; 123                                         ;
;     Dedicated logic registers      ; 0                                           ;
; Total registers                    ; 0                                           ;
; Total pins                         ; 64                                          ;
; Total virtual pins                 ; 0                                           ;
; Total memory bits                  ; 0                                           ;
; Embedded Multiplier 9-bit elements ; 0                                           ;
; Total PLLs                         ; 0                                           ;
+------------------------------------+---------------------------------------------+


+----------------------------------------------------------------------------------------------------------------------+
; Analysis & Synthesis Settings                                                                                        ;
+----------------------------------------------------------------------------+--------------------+--------------------+
; Option                                                                     ; Setting            ; Default Value      ;
+----------------------------------------------------------------------------+--------------------+--------------------+
; Device                                                                     ; EP4CE6E22A7        ;                    ;
; Top-level entity name                                                      ; Ordenador          ; Ordenador          ;
; Family name                                                                ; Cyclone IV E       ; Cyclone V          ;
; Use smart compilation                                                      ; Off                ; Off                ;
; Enable parallel Assembler and TimeQuest Timing Analyzer during compilation ; On                 ; On                 ;
; Enable compact report table                                                ; Off                ; Off                ;
; Restructure Multiplexers                                                   ; Auto               ; Auto               ;
; Create Debugging Nodes for IP Cores                                        ; Off                ; Off                ;
; Preserve fewer node names                                                  ; On                 ; On                 ;
; Disable OpenCore Plus hardware evaluation                                  ; Off                ; Off                ;
; Verilog Version                                                            ; Verilog_2001       ; Verilog_2001       ;
; VHDL Version                                                               ; VHDL_1993          ; VHDL_1993          ;
; State Machine Processing                                                   ; Auto               ; Auto               ;
; Safe State Machine                                                         ; Off                ; Off                ;
; Extract Verilog State Machines                                             ; On                 ; On                 ;
; Extract VHDL State Machines                                                ; On                 ; On                 ;
; Ignore Verilog initial constructs                                          ; Off                ; Off                ;
; Iteration limit for constant Verilog loops                                 ; 5000               ; 5000               ;
; Iteration limit for non-constant Verilog loops                             ; 250                ; 250                ;
; Add Pass-Through Logic to Inferred RAMs                                    ; On                 ; On                 ;
; Infer RAMs from Raw Logic                                                  ; On                 ; On                 ;
; Parallel Synthesis                                                         ; On                 ; On                 ;
; DSP Block Balancing                                                        ; Auto               ; Auto               ;
; NOT Gate Push-Back                                                         ; On                 ; On                 ;
; Power-Up Don't Care                                                        ; On                 ; On                 ;
; Remove Redundant Logic Cells                                               ; Off                ; Off                ;
; Remove Duplicate Registers                                                 ; On                 ; On                 ;
; Ignore CARRY Buffers                                                       ; Off                ; Off                ;
; Ignore CASCADE Buffers                                                     ; Off                ; Off                ;
; Ignore GLOBAL Buffers                                                      ; Off                ; Off                ;
; Ignore ROW GLOBAL Buffers                                                  ; Off                ; Off                ;
; Ignore LCELL Buffers                                                       ; Off                ; Off                ;
; Ignore SOFT Buffers                                                        ; On                 ; On                 ;
; Limit AHDL Integers to 32 Bits                                             ; Off                ; Off                ;
; Optimization Technique                                                     ; Balanced           ; Balanced           ;
; Carry Chain Length                                                         ; 70                 ; 70                 ;
; Auto Carry Chains                                                          ; On                 ; On                 ;
; Auto Open-Drain Pins                                                       ; On                 ; On                 ;
; Perform WYSIWYG Primitive Resynthesis                                      ; Off                ; Off                ;
; Auto ROM Replacement                                                       ; On                 ; On                 ;
; Auto RAM Replacement                                                       ; On                 ; On                 ;
; Auto DSP Block Replacement                                                 ; On                 ; On                 ;
; Auto Shift Register Replacement                                            ; Auto               ; Auto               ;
; Allow Shift Register Merging across Hierarchies                            ; Auto               ; Auto               ;
; Auto Clock Enable Replacement                                              ; On                 ; On                 ;
; Strict RAM Replacement                                                     ; Off                ; Off                ;
; Allow Synchronous Control Signals                                          ; On                 ; On                 ;
; Force Use of Synchronous Clear Signals                                     ; Off                ; Off                ;
; Auto RAM Block Balancing                                                   ; On                 ; On                 ;
; Auto RAM to Logic Cell Conversion                                          ; Off                ; Off                ;
; Auto Resource Sharing                                                      ; Off                ; Off                ;
; Allow Any RAM Size For Recognition                                         ; Off                ; Off                ;
; Allow Any ROM Size For Recognition                                         ; Off                ; Off                ;
; Allow Any Shift Register Size For Recognition                              ; Off                ; Off                ;
; Use LogicLock Constraints during Resource Balancing                        ; On                 ; On                 ;
; Ignore translate_off and synthesis_off directives                          ; Off                ; Off                ;
; Timing-Driven Synthesis                                                    ; On                 ; On                 ;
; Report Parameter Settings                                                  ; On                 ; On                 ;
; Report Source Assignments                                                  ; On                 ; On                 ;
; Report Connectivity Checks                                                 ; On                 ; On                 ;
; Ignore Maximum Fan-Out Assignments                                         ; Off                ; Off                ;
; Synchronization Register Chain Length                                      ; 2                  ; 2                  ;
; PowerPlay Power Optimization During Synthesis                              ; Normal compilation ; Normal compilation ;
; HDL message level                                                          ; Level2             ; Level2             ;
; Suppress Register Optimization Related Messages                            ; Off                ; Off                ;
; Number of Removed Registers Reported in Synthesis Report                   ; 5000               ; 5000               ;
; Number of Swept Nodes Reported in Synthesis Report                         ; 5000               ; 5000               ;
; Number of Inverted Registers Reported in Synthesis Report                  ; 100                ; 100                ;
; Clock MUX Protection                                                       ; On                 ; On                 ;
; Auto Gated Clock Conversion                                                ; Off                ; Off                ;
; Block Design Naming                                                        ; Auto               ; Auto               ;
; SDC constraint protection                                                  ; Off                ; Off                ;
; Synthesis Effort                                                           ; Auto               ; Auto               ;
; Shift Register Replacement - Allow Asynchronous Clear Signal               ; On                 ; On                 ;
; Pre-Mapping Resynthesis Optimization                                       ; Off                ; Off                ;
; Analysis & Synthesis Message Level                                         ; Medium             ; Medium             ;
; Disable Register Merging Across Hierarchies                                ; Auto               ; Auto               ;
; Resource Aware Inference For Block RAM                                     ; On                 ; On                 ;
; Synthesis Seed                                                             ; 1                  ; 1                  ;
+----------------------------------------------------------------------------+--------------------+--------------------+


Parallel compilation was disabled, but you have multiple processors available. Enable parallel compilation to reduce compilation time.
+-------------------------------------+
; Parallel Compilation                ;
+----------------------------+--------+
; Processors                 ; Number ;
+----------------------------+--------+
; Number detected on machine ; 4      ;
; Maximum allowed            ; 1      ;
+----------------------------+--------+


+------------------------------------------------------------------------------------------------------------------------------------------------------------------------+
; Analysis & Synthesis Source Files Read                                                                                                                                 ;
+----------------------------------+-----------------+------------------------------------+--------------------------------------------------------------------+---------+
; File Name with User-Entered Path ; Used in Netlist ; File Type                          ; File Name with Absolute Path                                       ; Library ;
+----------------------------------+-----------------+------------------------------------+--------------------------------------------------------------------+---------+
; Ordenador.bdf                    ; yes             ; User Block Diagram/Schematic File  ; C:/Users/mrlnr/Documents/Projetos Quartus/Ordenador.bdf            ;         ;
; Max2.bdf                         ; yes             ; User Block Diagram/Schematic File  ; C:/Users/mrlnr/Documents/Projetos Quartus/Max2.bdf                 ;         ;
; Comparador.bdf                   ; yes             ; User Block Diagram/Schematic File  ; C:/Users/mrlnr/Documents/Projetos Quartus/Comparador.bdf           ;         ;
; Comparador_1bit.bdf              ; yes             ; User Block Diagram/Schematic File  ; C:/Users/mrlnr/Documents/Projetos Quartus/Comparador_1bit.bdf      ;         ;
; Multiplexer.v                    ; yes             ; User Wizard-Generated File         ; C:/Users/mrlnr/Documents/Projetos Quartus/Multiplexer.v            ;         ;
; lpm_mux.tdf                      ; yes             ; Megafunction                       ; c:/altera_lite/16.0/quartus/libraries/megafunctions/lpm_mux.tdf    ;         ;
; aglobal160.inc                   ; yes             ; Megafunction                       ; c:/altera_lite/16.0/quartus/libraries/megafunctions/aglobal160.inc ;         ;
; muxlut.inc                       ; yes             ; Megafunction                       ; c:/altera_lite/16.0/quartus/libraries/megafunctions/muxlut.inc     ;         ;
; bypassff.inc                     ; yes             ; Megafunction                       ; c:/altera_lite/16.0/quartus/libraries/megafunctions/bypassff.inc   ;         ;
; altshift.inc                     ; yes             ; Megafunction                       ; c:/altera_lite/16.0/quartus/libraries/megafunctions/altshift.inc   ;         ;
; db/mux_erc.tdf                   ; yes             ; Auto-Generated Megafunction        ; C:/Users/mrlnr/Documents/Projetos Quartus/db/mux_erc.tdf           ;         ;
+----------------------------------+-----------------+------------------------------------+--------------------------------------------------------------------+---------+


+----------------------------------------------------------------------------------+
; Analysis & Synthesis Resource Usage Summary                                      ;
+---------------------------------------------+------------------------------------+
; Resource                                    ; Usage                              ;
+---------------------------------------------+------------------------------------+
; Estimated Total logic elements              ; 123                                ;
;                                             ;                                    ;
; Total combinational functions               ; 123                                ;
; Logic element usage by number of LUT inputs ;                                    ;
;     -- 4 input functions                    ; 31                                 ;
;     -- 3 input functions                    ; 88                                 ;
;     -- <=2 input functions                  ; 4                                  ;
;                                             ;                                    ;
; Logic elements by mode                      ;                                    ;
;     -- normal mode                          ; 123                                ;
;     -- arithmetic mode                      ; 0                                  ;
;                                             ;                                    ;
; Total registers                             ; 0                                  ;
;     -- Dedicated logic registers            ; 0                                  ;
;     -- I/O registers                        ; 0                                  ;
;                                             ;                                    ;
; I/O pins                                    ; 64                                 ;
;                                             ;                                    ;
; Embedded Multiplier 9-bit elements          ; 0                                  ;
;                                             ;                                    ;
; Maximum fan-out node                        ; Max2:inst|Comparador:inst|inst10~7 ;
; Maximum fan-out                             ; 17                                 ;
; Total fan-out                               ; 492                                ;
; Average fan-out                             ; 1.96                               ;
+---------------------------------------------+------------------------------------+


+------------------------------------------------------------------------------------------------------------------------------------------------------------------------------------------------------------------------------------------------------------------------------+
; Analysis & Synthesis Resource Utilization by Entity                                                                                                                                                                                                                          ;
+--------------------------------------+-------------------+--------------+-------------+--------------+---------+-----------+------+--------------+------------------------------------------------------------------------------------------+-----------------+--------------+
; Compilation Hierarchy Node           ; LC Combinationals ; LC Registers ; Memory Bits ; DSP Elements ; DSP 9x9 ; DSP 18x18 ; Pins ; Virtual Pins ; Full Hierarchy Name                                                                      ; Entity Name     ; Library Name ;
+--------------------------------------+-------------------+--------------+-------------+--------------+---------+-----------+------+--------------+------------------------------------------------------------------------------------------+-----------------+--------------+
; |Ordenador                           ; 123 (0)           ; 0 (0)        ; 0           ; 0            ; 0       ; 0         ; 64   ; 0            ; |Ordenador                                                                               ; Ordenador       ; work         ;
;    |Max2:inst2|                      ; 23 (0)            ; 0 (0)        ; 0           ; 0            ; 0       ; 0         ; 0    ; 0            ; |Ordenador|Max2:inst2                                                                    ; Max2            ; work         ;
;       |Comparador:inst|              ; 7 (7)             ; 0 (0)        ; 0           ; 0            ; 0       ; 0         ; 0    ; 0            ; |Ordenador|Max2:inst2|Comparador:inst                                                    ; Comparador      ; work         ;
;       |Multiplexer:inst2|            ; 8 (0)             ; 0 (0)        ; 0           ; 0            ; 0       ; 0         ; 0    ; 0            ; |Ordenador|Max2:inst2|Multiplexer:inst2                                                  ; Multiplexer     ; work         ;
;          |lpm_mux:LPM_MUX_component| ; 8 (0)             ; 0 (0)        ; 0           ; 0            ; 0       ; 0         ; 0    ; 0            ; |Ordenador|Max2:inst2|Multiplexer:inst2|lpm_mux:LPM_MUX_component                        ; lpm_mux         ; work         ;
;             |mux_erc:auto_generated| ; 8 (8)             ; 0 (0)        ; 0           ; 0            ; 0       ; 0         ; 0    ; 0            ; |Ordenador|Max2:inst2|Multiplexer:inst2|lpm_mux:LPM_MUX_component|mux_erc:auto_generated ; mux_erc         ; work         ;
;       |Multiplexer:inst3|            ; 8 (0)             ; 0 (0)        ; 0           ; 0            ; 0       ; 0         ; 0    ; 0            ; |Ordenador|Max2:inst2|Multiplexer:inst3                                                  ; Multiplexer     ; work         ;
;          |lpm_mux:LPM_MUX_component| ; 8 (0)             ; 0 (0)        ; 0           ; 0            ; 0       ; 0         ; 0    ; 0            ; |Ordenador|Max2:inst2|Multiplexer:inst3|lpm_mux:LPM_MUX_component                        ; lpm_mux         ; work         ;
;             |mux_erc:auto_generated| ; 8 (8)             ; 0 (0)        ; 0           ; 0            ; 0       ; 0         ; 0    ; 0            ; |Ordenador|Max2:inst2|Multiplexer:inst3|lpm_mux:LPM_MUX_component|mux_erc:auto_generated ; mux_erc         ; work         ;
;    |Max2:inst3|                      ; 26 (0)            ; 0 (0)        ; 0           ; 0            ; 0       ; 0         ; 0    ; 0            ; |Ordenador|Max2:inst3                                                                    ; Max2            ; work         ;
;       |Comparador:inst|              ; 10 (9)            ; 0 (0)        ; 0           ; 0            ; 0       ; 0         ; 0    ; 0            ; |Ordenador|Max2:inst3|Comparador:inst                                                    ; Comparador      ; work         ;
;          |Comparador_1bit:inst5|     ; 1 (1)             ; 0 (0)        ; 0           ; 0            ; 0       ; 0         ; 0    ; 0            ; |Ordenador|Max2:inst3|Comparador:inst|Comparador_1bit:inst5                              ; Comparador_1bit ; work         ;
;       |Multiplexer:inst2|            ; 8 (0)             ; 0 (0)        ; 0           ; 0            ; 0       ; 0         ; 0    ; 0            ; |Ordenador|Max2:inst3|Multiplexer:inst2                                                  ; Multiplexer     ; work         ;
;          |lpm_mux:LPM_MUX_component| ; 8 (0)             ; 0 (0)        ; 0           ; 0            ; 0       ; 0         ; 0    ; 0            ; |Ordenador|Max2:inst3|Multiplexer:inst2|lpm_mux:LPM_MUX_component                        ; lpm_mux         ; work         ;
;             |mux_erc:auto_generated| ; 8 (8)             ; 0 (0)        ; 0           ; 0            ; 0       ; 0         ; 0    ; 0            ; |Ordenador|Max2:inst3|Multiplexer:inst2|lpm_mux:LPM_MUX_component|mux_erc:auto_generated ; mux_erc         ; work         ;
;       |Multiplexer:inst3|            ; 8 (0)             ; 0 (0)        ; 0           ; 0            ; 0       ; 0         ; 0    ; 0            ; |Ordenador|Max2:inst3|Multiplexer:inst3                                                  ; Multiplexer     ; work         ;
;          |lpm_mux:LPM_MUX_component| ; 8 (0)             ; 0 (0)        ; 0           ; 0            ; 0       ; 0         ; 0    ; 0            ; |Ordenador|Max2:inst3|Multiplexer:inst3|lpm_mux:LPM_MUX_component                        ; lpm_mux         ; work         ;
;             |mux_erc:auto_generated| ; 8 (8)             ; 0 (0)        ; 0           ; 0            ; 0       ; 0         ; 0    ; 0            ; |Ordenador|Max2:inst3|Multiplexer:inst3|lpm_mux:LPM_MUX_component|mux_erc:auto_generated ; mux_erc         ; work         ;
;    |Max2:inst4|                      ; 25 (0)            ; 0 (0)        ; 0           ; 0            ; 0       ; 0         ; 0    ; 0            ; |Ordenador|Max2:inst4                                                                    ; Max2            ; work         ;
;       |Comparador:inst|              ; 9 (7)             ; 0 (0)        ; 0           ; 0            ; 0       ; 0         ; 0    ; 0            ; |Ordenador|Max2:inst4|Comparador:inst                                                    ; Comparador      ; work         ;
;          |Comparador_1bit:inst4|     ; 1 (1)             ; 0 (0)        ; 0           ; 0            ; 0       ; 0         ; 0    ; 0            ; |Ordenador|Max2:inst4|Comparador:inst|Comparador_1bit:inst4                              ; Comparador_1bit ; work         ;
;          |Comparador_1bit:inst5|     ; 1 (1)             ; 0 (0)        ; 0           ; 0            ; 0       ; 0         ; 0    ; 0            ; |Ordenador|Max2:inst4|Comparador:inst|Comparador_1bit:inst5                              ; Comparador_1bit ; work         ;
;       |Multiplexer:inst2|            ; 8 (0)             ; 0 (0)        ; 0           ; 0            ; 0       ; 0         ; 0    ; 0            ; |Ordenador|Max2:inst4|Multiplexer:inst2                                                  ; Multiplexer     ; work         ;
;          |lpm_mux:LPM_MUX_component| ; 8 (0)             ; 0 (0)        ; 0           ; 0            ; 0       ; 0         ; 0    ; 0            ; |Ordenador|Max2:inst4|Multiplexer:inst2|lpm_mux:LPM_MUX_component                        ; lpm_mux         ; work         ;
;             |mux_erc:auto_generated| ; 8 (8)             ; 0 (0)        ; 0           ; 0            ; 0       ; 0         ; 0    ; 0            ; |Ordenador|Max2:inst4|Multiplexer:inst2|lpm_mux:LPM_MUX_component|mux_erc:auto_generated ; mux_erc         ; work         ;
;       |Multiplexer:inst3|            ; 8 (0)             ; 0 (0)        ; 0           ; 0            ; 0       ; 0         ; 0    ; 0            ; |Ordenador|Max2:inst4|Multiplexer:inst3                                                  ; Multiplexer     ; work         ;
;          |lpm_mux:LPM_MUX_component| ; 8 (0)             ; 0 (0)        ; 0           ; 0            ; 0       ; 0         ; 0    ; 0            ; |Ordenador|Max2:inst4|Multiplexer:inst3|lpm_mux:LPM_MUX_component                        ; lpm_mux         ; work         ;
;             |mux_erc:auto_generated| ; 8 (8)             ; 0 (0)        ; 0           ; 0            ; 0       ; 0         ; 0    ; 0            ; |Ordenador|Max2:inst4|Multiplexer:inst3|lpm_mux:LPM_MUX_component|mux_erc:auto_generated ; mux_erc         ; work         ;
;    |Max2:inst5|                      ; 26 (0)            ; 0 (0)        ; 0           ; 0            ; 0       ; 0         ; 0    ; 0            ; |Ordenador|Max2:inst5                                                                    ; Max2            ; work         ;
;       |Comparador:inst|              ; 10 (9)            ; 0 (0)        ; 0           ; 0            ; 0       ; 0         ; 0    ; 0            ; |Ordenador|Max2:inst5|Comparador:inst                                                    ; Comparador      ; work         ;
;          |Comparador_1bit:inst5|     ; 1 (1)             ; 0 (0)        ; 0           ; 0            ; 0       ; 0         ; 0    ; 0            ; |Ordenador|Max2:inst5|Comparador:inst|Comparador_1bit:inst5                              ; Comparador_1bit ; work         ;
;       |Multiplexer:inst2|            ; 8 (0)             ; 0 (0)        ; 0           ; 0            ; 0       ; 0         ; 0    ; 0            ; |Ordenador|Max2:inst5|Multiplexer:inst2                                                  ; Multiplexer     ; work         ;
;          |lpm_mux:LPM_MUX_component| ; 8 (0)             ; 0 (0)        ; 0           ; 0            ; 0       ; 0         ; 0    ; 0            ; |Ordenador|Max2:inst5|Multiplexer:inst2|lpm_mux:LPM_MUX_component                        ; lpm_mux         ; work         ;
;             |mux_erc:auto_generated| ; 8 (8)             ; 0 (0)        ; 0           ; 0            ; 0       ; 0         ; 0    ; 0            ; |Ordenador|Max2:inst5|Multiplexer:inst2|lpm_mux:LPM_MUX_component|mux_erc:auto_generated ; mux_erc         ; work         ;
;       |Multiplexer:inst3|            ; 8 (0)             ; 0 (0)        ; 0           ; 0            ; 0       ; 0         ; 0    ; 0            ; |Ordenador|Max2:inst5|Multiplexer:inst3                                                  ; Multiplexer     ; work         ;
;          |lpm_mux:LPM_MUX_component| ; 8 (0)             ; 0 (0)        ; 0           ; 0            ; 0       ; 0         ; 0    ; 0            ; |Ordenador|Max2:inst5|Multiplexer:inst3|lpm_mux:LPM_MUX_component                        ; lpm_mux         ; work         ;
;             |mux_erc:auto_generated| ; 8 (8)             ; 0 (0)        ; 0           ; 0            ; 0       ; 0         ; 0    ; 0            ; |Ordenador|Max2:inst5|Multiplexer:inst3|lpm_mux:LPM_MUX_component|mux_erc:auto_generated ; mux_erc         ; work         ;
;    |Max2:inst|                       ; 23 (0)            ; 0 (0)        ; 0           ; 0            ; 0       ; 0         ; 0    ; 0            ; |Ordenador|Max2:inst                                                                     ; Max2            ; work         ;
;       |Comparador:inst|              ; 7 (7)             ; 0 (0)        ; 0           ; 0            ; 0       ; 0         ; 0    ; 0            ; |Ordenador|Max2:inst|Comparador:inst                                                     ; Comparador      ; work         ;
;       |Multiplexer:inst2|            ; 8 (0)             ; 0 (0)        ; 0           ; 0            ; 0       ; 0         ; 0    ; 0            ; |Ordenador|Max2:inst|Multiplexer:inst2                                                   ; Multiplexer     ; work         ;
;          |lpm_mux:LPM_MUX_component| ; 8 (0)             ; 0 (0)        ; 0           ; 0            ; 0       ; 0         ; 0    ; 0            ; |Ordenador|Max2:inst|Multiplexer:inst2|lpm_mux:LPM_MUX_component                         ; lpm_mux         ; work         ;
;             |mux_erc:auto_generated| ; 8 (8)             ; 0 (0)        ; 0           ; 0            ; 0       ; 0         ; 0    ; 0            ; |Ordenador|Max2:inst|Multiplexer:inst2|lpm_mux:LPM_MUX_component|mux_erc:auto_generated  ; mux_erc         ; work         ;
;       |Multiplexer:inst3|            ; 8 (0)             ; 0 (0)        ; 0           ; 0            ; 0       ; 0         ; 0    ; 0            ; |Ordenador|Max2:inst|Multiplexer:inst3                                                   ; Multiplexer     ; work         ;
;          |lpm_mux:LPM_MUX_component| ; 8 (0)             ; 0 (0)        ; 0           ; 0            ; 0       ; 0         ; 0    ; 0            ; |Ordenador|Max2:inst|Multiplexer:inst3|lpm_mux:LPM_MUX_component                         ; lpm_mux         ; work         ;
;             |mux_erc:auto_generated| ; 8 (8)             ; 0 (0)        ; 0           ; 0            ; 0       ; 0         ; 0    ; 0            ; |Ordenador|Max2:inst|Multiplexer:inst3|lpm_mux:LPM_MUX_component|mux_erc:auto_generated  ; mux_erc         ; work         ;
+--------------------------------------+-------------------+--------------+-------------+--------------+---------+-----------+------+--------------+------------------------------------------------------------------------------------------+-----------------+--------------+
Note: For table entries with two numbers listed, the numbers in parentheses indicate the number of resources of the given type used by the specific entity alone. The numbers listed outside of parentheses indicate the total resources of the given type used by the specific entity and all of its sub-entities in the hierarchy.


+---------------------------------------------------------------------------------------------------------------------------+
; Analysis & Synthesis IP Cores Summary                                                                                     ;
+--------+--------------+---------+--------------+--------------+-----------------------------------------+-----------------+
; Vendor ; IP Core Name ; Version ; Release Date ; License Type ; Entity Instance                         ; IP Include File ;
+--------+--------------+---------+--------------+--------------+-----------------------------------------+-----------------+
; Altera ; LPM_MUX      ; 16.0    ; N/A          ; N/A          ; |Ordenador|Max2:inst|Multiplexer:inst2  ; Multiplexer.v   ;
; Altera ; LPM_MUX      ; 16.0    ; N/A          ; N/A          ; |Ordenador|Max2:inst|Multiplexer:inst3  ; Multiplexer.v   ;
; Altera ; LPM_MUX      ; 16.0    ; N/A          ; N/A          ; |Ordenador|Max2:inst2|Multiplexer:inst2 ; Multiplexer.v   ;
; Altera ; LPM_MUX      ; 16.0    ; N/A          ; N/A          ; |Ordenador|Max2:inst2|Multiplexer:inst3 ; Multiplexer.v   ;
; Altera ; LPM_MUX      ; 16.0    ; N/A          ; N/A          ; |Ordenador|Max2:inst3|Multiplexer:inst2 ; Multiplexer.v   ;
; Altera ; LPM_MUX      ; 16.0    ; N/A          ; N/A          ; |Ordenador|Max2:inst3|Multiplexer:inst3 ; Multiplexer.v   ;
; Altera ; LPM_MUX      ; 16.0    ; N/A          ; N/A          ; |Ordenador|Max2:inst4|Multiplexer:inst2 ; Multiplexer.v   ;
; Altera ; LPM_MUX      ; 16.0    ; N/A          ; N/A          ; |Ordenador|Max2:inst4|Multiplexer:inst3 ; Multiplexer.v   ;
; Altera ; LPM_MUX      ; 16.0    ; N/A          ; N/A          ; |Ordenador|Max2:inst5|Multiplexer:inst2 ; Multiplexer.v   ;
; Altera ; LPM_MUX      ; 16.0    ; N/A          ; N/A          ; |Ordenador|Max2:inst5|Multiplexer:inst3 ; Multiplexer.v   ;
+--------+--------------+---------+--------------+--------------+-----------------------------------------+-----------------+


+------------------------------------------------------+
; General Register Statistics                          ;
+----------------------------------------------+-------+
; Statistic                                    ; Value ;
+----------------------------------------------+-------+
; Total registers                              ; 0     ;
; Number of registers using Synchronous Clear  ; 0     ;
; Number of registers using Synchronous Load   ; 0     ;
; Number of registers using Asynchronous Clear ; 0     ;
; Number of registers using Asynchronous Load  ; 0     ;
; Number of registers using Clock Enable       ; 0     ;
; Number of registers using Preset             ; 0     ;
+----------------------------------------------+-------+


+-----------------------------------------------------------------------------------------------------+
; Parameter Settings for User Entity Instance: Max2:inst4|Multiplexer:inst2|lpm_mux:LPM_MUX_component ;
+------------------------+--------------+-------------------------------------------------------------+
; Parameter Name         ; Value        ; Type                                                        ;
+------------------------+--------------+-------------------------------------------------------------+
; AUTO_CARRY_CHAINS      ; ON           ; AUTO_CARRY                                                  ;
; IGNORE_CARRY_BUFFERS   ; OFF          ; IGNORE_CARRY                                                ;
; AUTO_CASCADE_CHAINS    ; ON           ; AUTO_CASCADE                                                ;
; IGNORE_CASCADE_BUFFERS ; OFF          ; IGNORE_CASCADE                                              ;
; LPM_WIDTH              ; 8            ; Signed Integer                                              ;
; LPM_SIZE               ; 2            ; Signed Integer                                              ;
; LPM_WIDTHS             ; 1            ; Signed Integer                                              ;
; LPM_PIPELINE           ; 0            ; Untyped                                                     ;
; CBXI_PARAMETER         ; mux_erc      ; Untyped                                                     ;
; DEVICE_FAMILY          ; Cyclone IV E ; Untyped                                                     ;
+------------------------+--------------+-------------------------------------------------------------+
Note: In order to hide this table in the UI and the text report file, please set the "Show Parameter Settings in Synthesis Report" option in "Analysis and Synthesis Settings -> More Settings" to "Off".


+-----------------------------------------------------------------------------------------------------+
; Parameter Settings for User Entity Instance: Max2:inst4|Multiplexer:inst3|lpm_mux:LPM_MUX_component ;
+------------------------+--------------+-------------------------------------------------------------+
; Parameter Name         ; Value        ; Type                                                        ;
+------------------------+--------------+-------------------------------------------------------------+
; AUTO_CARRY_CHAINS      ; ON           ; AUTO_CARRY                                                  ;
; IGNORE_CARRY_BUFFERS   ; OFF          ; IGNORE_CARRY                                                ;
; AUTO_CASCADE_CHAINS    ; ON           ; AUTO_CASCADE                                                ;
; IGNORE_CASCADE_BUFFERS ; OFF          ; IGNORE_CASCADE                                              ;
; LPM_WIDTH              ; 8            ; Signed Integer                                              ;
; LPM_SIZE               ; 2            ; Signed Integer                                              ;
; LPM_WIDTHS             ; 1            ; Signed Integer                                              ;
; LPM_PIPELINE           ; 0            ; Untyped                                                     ;
; CBXI_PARAMETER         ; mux_erc      ; Untyped                                                     ;
; DEVICE_FAMILY          ; Cyclone IV E ; Untyped                                                     ;
+------------------------+--------------+-------------------------------------------------------------+
Note: In order to hide this table in the UI and the text report file, please set the "Show Parameter Settings in Synthesis Report" option in "Analysis and Synthesis Settings -> More Settings" to "Off".


+----------------------------------------------------------------------------------------------------+
; Parameter Settings for User Entity Instance: Max2:inst|Multiplexer:inst2|lpm_mux:LPM_MUX_component ;
+------------------------+--------------+------------------------------------------------------------+
; Parameter Name         ; Value        ; Type                                                       ;
+------------------------+--------------+------------------------------------------------------------+
; AUTO_CARRY_CHAINS      ; ON           ; AUTO_CARRY                                                 ;
; IGNORE_CARRY_BUFFERS   ; OFF          ; IGNORE_CARRY                                               ;
; AUTO_CASCADE_CHAINS    ; ON           ; AUTO_CASCADE                                               ;
; IGNORE_CASCADE_BUFFERS ; OFF          ; IGNORE_CASCADE                                             ;
; LPM_WIDTH              ; 8            ; Signed Integer                                             ;
; LPM_SIZE               ; 2            ; Signed Integer                                             ;
; LPM_WIDTHS             ; 1            ; Signed Integer                                             ;
; LPM_PIPELINE           ; 0            ; Untyped                                                    ;
; CBXI_PARAMETER         ; mux_erc      ; Untyped                                                    ;
; DEVICE_FAMILY          ; Cyclone IV E ; Untyped                                                    ;
+------------------------+--------------+------------------------------------------------------------+
Note: In order to hide this table in the UI and the text report file, please set the "Show Parameter Settings in Synthesis Report" option in "Analysis and Synthesis Settings -> More Settings" to "Off".


+----------------------------------------------------------------------------------------------------+
; Parameter Settings for User Entity Instance: Max2:inst|Multiplexer:inst3|lpm_mux:LPM_MUX_component ;
+------------------------+--------------+------------------------------------------------------------+
; Parameter Name         ; Value        ; Type                                                       ;
+------------------------+--------------+------------------------------------------------------------+
; AUTO_CARRY_CHAINS      ; ON           ; AUTO_CARRY                                                 ;
; IGNORE_CARRY_BUFFERS   ; OFF          ; IGNORE_CARRY                                               ;
; AUTO_CASCADE_CHAINS    ; ON           ; AUTO_CASCADE                                               ;
; IGNORE_CASCADE_BUFFERS ; OFF          ; IGNORE_CASCADE                                             ;
; LPM_WIDTH              ; 8            ; Signed Integer                                             ;
; LPM_SIZE               ; 2            ; Signed Integer                                             ;
; LPM_WIDTHS             ; 1            ; Signed Integer                                             ;
; LPM_PIPELINE           ; 0            ; Untyped                                                    ;
; CBXI_PARAMETER         ; mux_erc      ; Untyped                                                    ;
; DEVICE_FAMILY          ; Cyclone IV E ; Untyped                                                    ;
+------------------------+--------------+------------------------------------------------------------+
Note: In order to hide this table in the UI and the text report file, please set the "Show Parameter Settings in Synthesis Report" option in "Analysis and Synthesis Settings -> More Settings" to "Off".


+-----------------------------------------------------------------------------------------------------+
; Parameter Settings for User Entity Instance: Max2:inst2|Multiplexer:inst2|lpm_mux:LPM_MUX_component ;
+------------------------+--------------+-------------------------------------------------------------+
; Parameter Name         ; Value        ; Type                                                        ;
+------------------------+--------------+-------------------------------------------------------------+
; AUTO_CARRY_CHAINS      ; ON           ; AUTO_CARRY                                                  ;
; IGNORE_CARRY_BUFFERS   ; OFF          ; IGNORE_CARRY                                                ;
; AUTO_CASCADE_CHAINS    ; ON           ; AUTO_CASCADE                                                ;
; IGNORE_CASCADE_BUFFERS ; OFF          ; IGNORE_CASCADE                                              ;
; LPM_WIDTH              ; 8            ; Signed Integer                                              ;
; LPM_SIZE               ; 2            ; Signed Integer                                              ;
; LPM_WIDTHS             ; 1            ; Signed Integer                                              ;
; LPM_PIPELINE           ; 0            ; Untyped                                                     ;
; CBXI_PARAMETER         ; mux_erc      ; Untyped                                                     ;
; DEVICE_FAMILY          ; Cyclone IV E ; Untyped                                                     ;
+------------------------+--------------+-------------------------------------------------------------+
Note: In order to hide this table in the UI and the text report file, please set the "Show Parameter Settings in Synthesis Report" option in "Analysis and Synthesis Settings -> More Settings" to "Off".


+-----------------------------------------------------------------------------------------------------+
; Parameter Settings for User Entity Instance: Max2:inst2|Multiplexer:inst3|lpm_mux:LPM_MUX_component ;
+------------------------+--------------+-------------------------------------------------------------+
; Parameter Name         ; Value        ; Type                                                        ;
+------------------------+--------------+-------------------------------------------------------------+
; AUTO_CARRY_CHAINS      ; ON           ; AUTO_CARRY                                                  ;
; IGNORE_CARRY_BUFFERS   ; OFF          ; IGNORE_CARRY                                                ;
; AUTO_CASCADE_CHAINS    ; ON           ; AUTO_CASCADE                                                ;
; IGNORE_CASCADE_BUFFERS ; OFF          ; IGNORE_CASCADE                                              ;
; LPM_WIDTH              ; 8            ; Signed Integer                                              ;
; LPM_SIZE               ; 2            ; Signed Integer                                              ;
; LPM_WIDTHS             ; 1            ; Signed Integer                                              ;
; LPM_PIPELINE           ; 0            ; Untyped                                                     ;
; CBXI_PARAMETER         ; mux_erc      ; Untyped                                                     ;
; DEVICE_FAMILY          ; Cyclone IV E ; Untyped                                                     ;
+------------------------+--------------+-------------------------------------------------------------+
Note: In order to hide this table in the UI and the text report file, please set the "Show Parameter Settings in Synthesis Report" option in "Analysis and Synthesis Settings -> More Settings" to "Off".


+-----------------------------------------------------------------------------------------------------+
; Parameter Settings for User Entity Instance: Max2:inst5|Multiplexer:inst2|lpm_mux:LPM_MUX_component ;
+------------------------+--------------+-------------------------------------------------------------+
; Parameter Name         ; Value        ; Type                                                        ;
+------------------------+--------------+-------------------------------------------------------------+
; AUTO_CARRY_CHAINS      ; ON           ; AUTO_CARRY                                                  ;
; IGNORE_CARRY_BUFFERS   ; OFF          ; IGNORE_CARRY                                                ;
; AUTO_CASCADE_CHAINS    ; ON           ; AUTO_CASCADE                                                ;
; IGNORE_CASCADE_BUFFERS ; OFF          ; IGNORE_CASCADE                                              ;
; LPM_WIDTH              ; 8            ; Signed Integer                                              ;
; LPM_SIZE               ; 2            ; Signed Integer                                              ;
; LPM_WIDTHS             ; 1            ; Signed Integer                                              ;
; LPM_PIPELINE           ; 0            ; Untyped                                                     ;
; CBXI_PARAMETER         ; mux_erc      ; Untyped                                                     ;
; DEVICE_FAMILY          ; Cyclone IV E ; Untyped                                                     ;
+------------------------+--------------+-------------------------------------------------------------+
Note: In order to hide this table in the UI and the text report file, please set the "Show Parameter Settings in Synthesis Report" option in "Analysis and Synthesis Settings -> More Settings" to "Off".


+-----------------------------------------------------------------------------------------------------+
; Parameter Settings for User Entity Instance: Max2:inst5|Multiplexer:inst3|lpm_mux:LPM_MUX_component ;
+------------------------+--------------+-------------------------------------------------------------+
; Parameter Name         ; Value        ; Type                                                        ;
+------------------------+--------------+-------------------------------------------------------------+
; AUTO_CARRY_CHAINS      ; ON           ; AUTO_CARRY                                                  ;
; IGNORE_CARRY_BUFFERS   ; OFF          ; IGNORE_CARRY                                                ;
; AUTO_CASCADE_CHAINS    ; ON           ; AUTO_CASCADE                                                ;
; IGNORE_CASCADE_BUFFERS ; OFF          ; IGNORE_CASCADE                                              ;
; LPM_WIDTH              ; 8            ; Signed Integer                                              ;
; LPM_SIZE               ; 2            ; Signed Integer                                              ;
; LPM_WIDTHS             ; 1            ; Signed Integer                                              ;
; LPM_PIPELINE           ; 0            ; Untyped                                                     ;
; CBXI_PARAMETER         ; mux_erc      ; Untyped                                                     ;
; DEVICE_FAMILY          ; Cyclone IV E ; Untyped                                                     ;
+------------------------+--------------+-------------------------------------------------------------+
Note: In order to hide this table in the UI and the text report file, please set the "Show Parameter Settings in Synthesis Report" option in "Analysis and Synthesis Settings -> More Settings" to "Off".


+-----------------------------------------------------------------------------------------------------+
; Parameter Settings for User Entity Instance: Max2:inst3|Multiplexer:inst2|lpm_mux:LPM_MUX_component ;
+------------------------+--------------+-------------------------------------------------------------+
; Parameter Name         ; Value        ; Type                                                        ;
+------------------------+--------------+-------------------------------------------------------------+
; AUTO_CARRY_CHAINS      ; ON           ; AUTO_CARRY                                                  ;
; IGNORE_CARRY_BUFFERS   ; OFF          ; IGNORE_CARRY                                                ;
; AUTO_CASCADE_CHAINS    ; ON           ; AUTO_CASCADE                                                ;
; IGNORE_CASCADE_BUFFERS ; OFF          ; IGNORE_CASCADE                                              ;
; LPM_WIDTH              ; 8            ; Signed Integer                                              ;
; LPM_SIZE               ; 2            ; Signed Integer                                              ;
; LPM_WIDTHS             ; 1            ; Signed Integer                                              ;
; LPM_PIPELINE           ; 0            ; Untyped                                                     ;
; CBXI_PARAMETER         ; mux_erc      ; Untyped                                                     ;
; DEVICE_FAMILY          ; Cyclone IV E ; Untyped                                                     ;
+------------------------+--------------+-------------------------------------------------------------+
Note: In order to hide this table in the UI and the text report file, please set the "Show Parameter Settings in Synthesis Report" option in "Analysis and Synthesis Settings -> More Settings" to "Off".


+-----------------------------------------------------------------------------------------------------+
; Parameter Settings for User Entity Instance: Max2:inst3|Multiplexer:inst3|lpm_mux:LPM_MUX_component ;
+------------------------+--------------+-------------------------------------------------------------+
; Parameter Name         ; Value        ; Type                                                        ;
+------------------------+--------------+-------------------------------------------------------------+
; AUTO_CARRY_CHAINS      ; ON           ; AUTO_CARRY                                                  ;
; IGNORE_CARRY_BUFFERS   ; OFF          ; IGNORE_CARRY                                                ;
; AUTO_CASCADE_CHAINS    ; ON           ; AUTO_CASCADE                                                ;
; IGNORE_CASCADE_BUFFERS ; OFF          ; IGNORE_CASCADE                                              ;
; LPM_WIDTH              ; 8            ; Signed Integer                                              ;
; LPM_SIZE               ; 2            ; Signed Integer                                              ;
; LPM_WIDTHS             ; 1            ; Signed Integer                                              ;
; LPM_PIPELINE           ; 0            ; Untyped                                                     ;
; CBXI_PARAMETER         ; mux_erc      ; Untyped                                                     ;
; DEVICE_FAMILY          ; Cyclone IV E ; Untyped                                                     ;
+------------------------+--------------+-------------------------------------------------------------+
Note: In order to hide this table in the UI and the text report file, please set the "Show Parameter Settings in Synthesis Report" option in "Analysis and Synthesis Settings -> More Settings" to "Off".


+-----------------------------------------------------+
; Post-Synthesis Netlist Statistics for Top Partition ;
+-----------------------+-----------------------------+
; Type                  ; Count                       ;
+-----------------------+-----------------------------+
; boundary_port         ; 64                          ;
; cycloneiii_lcell_comb ; 123                         ;
;     normal            ; 123                         ;
;         2 data inputs ; 4                           ;
;         3 data inputs ; 88                          ;
;         4 data inputs ; 31                          ;
;                       ;                             ;
; Max LUT depth         ; 21.00                       ;
; Average LUT depth     ; 18.72                       ;
+-----------------------+-----------------------------+


+-------------------------------+
; Elapsed Time Per Partition    ;
+----------------+--------------+
; Partition Name ; Elapsed Time ;
+----------------+--------------+
; Top            ; 00:00:06     ;
+----------------+--------------+


+-------------------------------+
; Analysis & Synthesis Messages ;
+-------------------------------+
Info: *******************************************************************
Info: Running Quartus Prime Analysis & Synthesis
    Info: Version 16.0.0 Build 211 04/27/2016 SJ Lite Edition
    Info: Processing started: Wed Nov 09 14:17:31 2016
Info: Command: quartus_map --read_settings_files=on --write_settings_files=off Ordenador -c Ordenador
Warning (20028): Parallel compilation is not licensed and has been disabled
Info (12021): Found 1 design units, including 1 entities, in source file ordenador.bdf
    Info (12023): Found entity 1: Ordenador
Info (12021): Found 1 design units, including 1 entities, in source file max2.bdf
    Info (12023): Found entity 1: Max2
Info (12021): Found 1 design units, including 1 entities, in source file comparador.bdf
    Info (12023): Found entity 1: Comparador
Info (12021): Found 1 design units, including 1 entities, in source file comparador_1bit.bdf
    Info (12023): Found entity 1: Comparador_1bit
Info (12021): Found 1 design units, including 1 entities, in source file multiplexer.v
    Info (12023): Found entity 1: Multiplexer File: C:/Users/mrlnr/Documents/Projetos Quartus/Multiplexer.v Line: 40
Info (12127): Elaborating entity "Ordenador" for the top level hierarchy
Info (12128): Elaborating entity "Max2" for hierarchy "Max2:inst4"
Info (12128): Elaborating entity "Multiplexer" for hierarchy "Max2:inst4|Multiplexer:inst2"
Info (12128): Elaborating entity "lpm_mux" for hierarchy "Max2:inst4|Multiplexer:inst2|lpm_mux:LPM_MUX_component" File: C:/Users/mrlnr/Documents/Projetos Quartus/Multiplexer.v Line: 69
Info (12130): Elaborated megafunction instantiation "Max2:inst4|Multiplexer:inst2|lpm_mux:LPM_MUX_component" File: C:/Users/mrlnr/Documents/Projetos Quartus/Multiplexer.v Line: 69
Info (12133): Instantiated megafunction "Max2:inst4|Multiplexer:inst2|lpm_mux:LPM_MUX_component" with the following parameter: File: C:/Users/mrlnr/Documents/Projetos Quartus/Multiplexer.v Line: 69
    Info (12134): Parameter "lpm_size" = "2"
    Info (12134): Parameter "lpm_type" = "LPM_MUX"
    Info (12134): Parameter "lpm_width" = "8"
    Info (12134): Parameter "lpm_widths" = "1"
Info (12021): Found 1 design units, including 1 entities, in source file db/mux_erc.tdf
    Info (12023): Found entity 1: mux_erc File: C:/Users/mrlnr/Documents/Projetos Quartus/db/mux_erc.tdf Line: 23
Info (12128): Elaborating entity "mux_erc" for hierarchy "Max2:inst4|Multiplexer:inst2|lpm_mux:LPM_MUX_component|mux_erc:auto_generated" File: c:/altera_lite/16.0/quartus/libraries/megafunctions/lpm_mux.tdf Line: 87
Info (12128): Elaborating entity "Comparador" for hierarchy "Max2:inst4|Comparador:inst"
Info (12128): Elaborating entity "Comparador_1bit" for hierarchy "Max2:inst4|Comparador:inst|Comparador_1bit:inst"
Info (286030): Timing-Driven Synthesis is running
Info (16010): Generating hard_block partition "hard_block:auto_generated_inst"
    Info (16011): Adding 0 node(s), including 0 DDIO, 0 PLL, 0 transceiver and 0 LCELL
Info (21057): Implemented 187 device resources after synthesis - the final resource count might be different
    Info (21058): Implemented 32 input pins
    Info (21059): Implemented 32 output pins
    Info (21061): Implemented 123 logic cells
Info: Quartus Prime Analysis & Synthesis was successful. 0 errors, 1 warning
    Info: Peak virtual memory: 842 megabytes
    Info: Processing ended: Wed Nov 09 14:18:11 2016
    Info: Elapsed time: 00:00:40
    Info: Total CPU time (on all processors): 00:01:07


